================================================================================
Appcelerator Titanium Diagnostics Build Log
The contents of this file are useful to send to Appcelerator Support if
reporting an issue to help us understand your environment, build settings
and aid in debugging. Please attach this log to any issue that you report.
================================================================================

Starting build at 11/11/12 11:12

Build details:

   timestamp=10/02/12 16:16
   module_apiversion=2
   version=2.1.3
   githash=15997d0


Script arguments:
   /Users/yolanda0120/Library/Application Support/Titanium/mobilesdk/osx/2.1.3.GA/iphone/builder.py
   simulator
   6.0
   /Users/yolanda0120/Documents/Titanium_Studio_Workspace/pageflip
   PageFlip
   pageflip
   universal
   iphone
   

Building from: /Users/yolanda0120/Library/Application Support/Titanium/mobilesdk/osx/2.1.3.GA/iphone
Platform: Darwin Kernel Version 12.2.0: Sat Aug 25 00:48:52 PDT 2012; root:xnu-2050.18.24~1/RELEASE_X86_64

Xcode path is: /Applications/Xcode.app/Contents/Developer

[INFO] Detected third-party module: com.infinery.pageflip/1.0[INFO] Detected third-party module: com.infinery.pageflip/1.0
githash=15997d0, existing_git_hash=15997d0
writing contents of /Users/yolanda0120/Documents/Titanium_Studio_Workspace/pageflip/build/iphone/project.xcconfig:

TI_VERSION=2.1.3.GA
TI_SDK_DIR=/Users/yolanda0120/Library/Application Support/Titanium/mobilesdk/osx/$(TI_VERSION)/iphone
TI_APPID=PageFlip
OTHER_LDFLAGS[sdk=iphoneos*]=$(inherited) -weak_framework iAd
OTHER_LDFLAGS[sdk=iphonesimulator*]=$(inherited) -weak_framework iAd
#include "module"

old contents


Generated the following stylecode code:

<?xml version="1.0" encoding="UTF-8"?>
<!DOCTYPE plist PUBLIC "-//Apple//DTD PLIST 1.0//EN" "http://www.apple.com/DTDs/PropertyList-1.0.dtd">
<plist version="1.0">
	<dict>
		<key>classes</key>
		<dict>
</dict>

		<key>classes_density</key>
		<dict>
</dict>

		<key>ids</key>
		<dict>
</dict>

		<key>ids_density</key>
		<dict>
</dict>

		<key>tags</key>
		<dict>
</dict>

		<key>tags_density</key>
		<dict>
</dict>

	</dict>
</plist>
Finishing build
